<?xml version="1.0" encoding="UTF-8"?>
<coverage generated="1700512066752" clover="3.2.0">
  <project timestamp="1700512066752" name="All files">
    <metrics statements="42" coveredstatements="42" conditionals="20" coveredconditionals="20" methods="24" coveredmethods="24" elements="86" coveredelements="86" complexity="0" loc="42" ncloc="42" packages="1" files="1" classes="1"/>
    <file name="mineSweeper.js" path="D:\Code\Mini ejercicios\Minesweeper\mineSweeper.js">
      <metrics statements="42" coveredstatements="42" conditionals="20" coveredconditionals="20" methods="24" coveredmethods="24"/>
      <line num="7" count="1" type="stmt"/>
      <line num="15" count="1" type="stmt"/>
      <line num="16" count="2" type="stmt"/>
      <line num="17" count="4" type="stmt"/>
      <line num="28" count="3" type="stmt"/>
      <line num="29" count="6" type="stmt"/>
      <line num="30" count="12" type="stmt"/>
      <line num="36" count="4" type="stmt"/>
      <line num="37" count="4" type="cond" truecount="2" falsecount="0"/>
      <line num="41" count="2" type="stmt"/>
      <line num="44" count="2" type="cond" truecount="2" falsecount="0"/>
      <line num="45" count="1" type="stmt"/>
      <line num="51" count="1" type="stmt"/>
      <line num="60" count="12" type="stmt"/>
      <line num="61" count="32" type="stmt"/>
      <line num="62" count="88" type="cond" truecount="2" falsecount="0"/>
      <line num="63" count="12" type="stmt"/>
      <line num="65" count="76" type="stmt"/>
      <line num="71" count="30" type="stmt"/>
      <line num="72" count="30" type="cond" truecount="2" falsecount="0"/>
      <line num="73" count="20" type="stmt"/>
      <line num="76" count="10" type="cond" truecount="2" falsecount="0"/>
      <line num="77" count="1" type="stmt"/>
      <line num="80" count="9" type="stmt"/>
      <line num="81" count="49" type="stmt"/>
      <line num="82" count="9" type="stmt"/>
      <line num="87" count="9" type="cond" truecount="2" falsecount="0"/>
      <line num="88" count="5" type="stmt"/>
      <line num="89" count="24" type="stmt"/>
      <line num="92" count="4" type="stmt"/>
      <line num="96" count="2" type="stmt"/>
      <line num="97" count="4" type="stmt"/>
      <line num="98" count="7" type="stmt"/>
      <line num="109" count="2" type="stmt"/>
      <line num="110" count="3" type="stmt"/>
      <line num="111" count="5" type="stmt"/>
      <line num="117" count="94" type="cond" truecount="2" falsecount="0"/>
      <line num="121" count="9" type="stmt"/>
      <line num="123" count="9" type="stmt"/>
      <line num="125" count="27" type="stmt"/>
      <line num="126" count="81" type="stmt"/>
      <line num="129" count="81" type="stmt"/>
    </file>
  </project>
</coverage>
