TN:
SF:mineSweeper.js
FN:14,createBoard
FN:15,(anonymous_1)
FN:16,(anonymous_2)
FN:27,markedTilesCount
FN:28,(anonymous_4)
FN:30,(anonymous_5)
FN:35,markTile
FN:59,replaceTile
FN:60,(anonymous_8)
FN:61,(anonymous_9)
FN:70,revealTile
FN:81,(anonymous_11)
FN:88,(anonymous_12)
FN:95,checkWin
FN:96,(anonymous_14)
FN:97,(anonymous_15)
FN:108,checkLose
FN:109,(anonymous_17)
FN:110,(anonymous_18)
FN:116,positionMatch
FN:120,nearbyTiles
FN:124,(anonymous_21)
FN:125,(anonymous_22)
FN:129,(anonymous_23)
FNF:24
FNH:24
FNDA:1,createBoard
FNDA:2,(anonymous_1)
FNDA:4,(anonymous_2)
FNDA:3,markedTilesCount
FNDA:6,(anonymous_4)
FNDA:12,(anonymous_5)
FNDA:4,markTile
FNDA:12,replaceTile
FNDA:32,(anonymous_8)
FNDA:88,(anonymous_9)
FNDA:30,revealTile
FNDA:49,(anonymous_11)
FNDA:24,(anonymous_12)
FNDA:2,checkWin
FNDA:4,(anonymous_14)
FNDA:7,(anonymous_15)
FNDA:2,checkLose
FNDA:3,(anonymous_17)
FNDA:5,(anonymous_18)
FNDA:94,positionMatch
FNDA:9,nearbyTiles
FNDA:27,(anonymous_21)
FNDA:81,(anonymous_22)
FNDA:81,(anonymous_23)
DA:7,1
DA:15,1
DA:16,2
DA:17,4
DA:28,3
DA:29,6
DA:30,12
DA:36,4
DA:37,4
DA:41,2
DA:44,2
DA:45,1
DA:51,1
DA:60,12
DA:61,32
DA:62,88
DA:63,12
DA:65,76
DA:71,30
DA:72,30
DA:73,20
DA:76,10
DA:77,1
DA:80,9
DA:81,49
DA:82,9
DA:87,9
DA:88,5
DA:89,24
DA:92,4
DA:96,2
DA:97,4
DA:98,7
DA:109,2
DA:110,3
DA:111,5
DA:117,94
DA:121,9
DA:123,9
DA:125,27
DA:126,81
DA:129,81
LF:42
LH:42
BRDA:37,0,0,2
BRDA:37,0,1,2
BRDA:38,1,0,4
BRDA:38,1,1,3
BRDA:44,2,0,1
BRDA:44,2,1,1
BRDA:62,3,0,12
BRDA:62,3,1,76
BRDA:72,4,0,20
BRDA:72,4,1,10
BRDA:76,5,0,1
BRDA:76,5,1,9
BRDA:87,6,0,5
BRDA:87,6,1,4
BRDA:99,7,0,7
BRDA:99,7,1,5
BRDA:99,7,2,4
BRDA:99,7,3,2
BRDA:117,8,0,94
BRDA:117,8,1,36
BRF:20
BRH:20
end_of_record
